s8api/build/outputs/logs/manifest-merger-debug-report.txt
-- Merging decision tree log ---
manifest
ADDED from src/main/AndroidManifest.xml:2:1-36:12
	package
		ADDED from src/main/AndroidManifest.xml:3:5-29
		INJECTED from src/main/AndroidManifest.xml
		INJECTED from src/main/AndroidManifest.xml
	android:versionName
		INJECTED from src/main/AndroidManifest.xml
		INJECTED from src/main/AndroidManifest.xml
	xmlns:android
		ADDED from src/main/AndroidManifest.xml:2:11-69
	android:versionCode
		INJECTED from src/main/AndroidManifest.xml
		INJECTED from src/main/AndroidManifest.xml
uses-permission#android.permission.CAMERA
ADDED from src/main/AndroidManifest.xml:5:5-65
MERGED from [ContentProvider:xbzxinglibrary:unspecified] AndroidManifest.xml:11:5-65
	android:name
		ADDED from src/main/AndroidManifest.xml:5:22-62
uses-permission#android.permission.VIBRATE
ADDED from src/main/AndroidManifest.xml:6:5-66
MERGED from [ContentProvider:xbzxinglibrary:unspecified] AndroidManifest.xml:17:5-66
	android:name
		ADDED from src/main/AndroidManifest.xml:6:22-63
uses-permission#android.permission.INTERNET
ADDED from src/main/AndroidManifest.xml:7:5-67
MERGED from [ContentProvider:xbzxinglibrary:unspecified] AndroidManifest.xml:20:5-67
	android:name
		ADDED from src/main/AndroidManifest.xml:7:22-64
application
ADDED from src/main/AndroidManifest.xml:9:5-34:19
MERGED from [ContentProvider:xbzxinglibrary:unspecified] AndroidManifest.xml:22:5-26:19
MERGED from [com.android.support:design:24.1.1] AndroidManifest.xml:22:5-20
MERGED from [com.android.support:appcompat-v7:24.2.1] AndroidManifest.xml:25:5-20
MERGED from [com.android.support:support-v4:24.2.1] AndroidManifest.xml:25:5-20
MERGED from [com.android.support:support-fragment:24.2.1] AndroidManifest.xml:25:5-20
MERGED from [com.android.support:support-media-compat:24.2.1] AndroidManifest.xml:25:5-20
MERGED from [com.android.support:support-core-ui:24.2.1] AndroidManifest.xml:25:5-20
MERGED from [com.android.support:support-core-utils:24.2.1] AndroidManifest.xml:25:5-20
MERGED from [com.android.support:animated-vector-drawable:24.2.1] AndroidManifest.xml:22:5-20
MERGED from [com.android.support:support-vector-drawable:24.2.1] AndroidManifest.xml:23:5-20
MERGED from [com.android.support:support-compat:24.2.1] AndroidManifest.xml:25:5-20
	android:label
		ADDED from src/main/AndroidManifest.xml:12:9-41
	android:supportsRtl
		ADDED from src/main/AndroidManifest.xml:13:9-35
	android:allowBackup
		ADDED from src/main/AndroidManifest.xml:10:9-35
	android:icon
		ADDED from src/main/AndroidManifest.xml:11:9-36
	android:theme
		ADDED from src/main/AndroidManifest.xml:14:9-40
activity#com.szxb.s8api.MainActivity
ADDED from src/main/AndroidManifest.xml:15:9-25:20
	android:screenOrientation
		ADDED from src/main/AndroidManifest.xml:17:13-49
	android:windowSoftInputMode
		ADDED from src/main/AndroidManifest.xml:19:13-72
	android:theme
		ADDED from src/main/AndroidManifest.xml:18:13-44
	android:name
		ADDED from src/main/AndroidManifest.xml:16:13-41
intent-filter#android.intent.action.MAIN+android.intent.category.LAUNCHER
ADDED from src/main/AndroidManifest.xml:20:13-24:29
action#android.intent.action.MAIN
ADDED from src/main/AndroidManifest.xml:21:17-69
	android:name
		ADDED from src/main/AndroidManifest.xml:21:25-66
category#android.intent.category.LAUNCHER
ADDED from src/main/AndroidManifest.xml:23:17-77
	android:name
		ADDED from src/main/AndroidManifest.xml:23:27-74
activity#com.szxb.s8api.ScannActivity
ADDED from src/main/AndroidManifest.xml:26:9-29:59
	android:screenOrientation
		ADDED from src/main/AndroidManifest.xml:28:13-49
	android:theme
		ADDED from src/main/AndroidManifest.xml:29:13-56
	android:name
		ADDED from src/main/AndroidManifest.xml:27:13-42
activity#com.szxb.s8api.WebViewActivity
ADDED from src/main/AndroidManifest.xml:30:9-33:68
	android:screenOrientation
		ADDED from src/main/AndroidManifest.xml:32:13-49
	android:theme
		ADDED from src/main/AndroidManifest.xml:33:13-56
	android:name
		ADDED from src/main/AndroidManifest.xml:31:13-44
uses-sdk
INJECTED from src/main/AndroidManifest.xml reason: use-sdk injection requested
MERGED from [ContentProvider:xbzxinglibrary:unspecified] AndroidManifest.xml:7:5-9:41
MERGED from [com.androidadvance:topsnackbar:1.1.1] AndroidManifest.xml:7:5-9:41
MERGED from [com.android.support:design:24.1.1] AndroidManifest.xml:20:5-43
MERGED from [com.android.support:recyclerview-v7:24.1.1] AndroidManifest.xml:20:5-43
MERGED from [com.android.support:appcompat-v7:24.2.1] AndroidManifest.xml:21:5-23:78
MERGED from [com.android.support:support-v4:24.2.1] AndroidManifest.xml:21:5-23:54
MERGED from [com.android.support:support-fragment:24.2.1] AndroidManifest.xml:21:5-23:60
MERGED from [com.android.support:support-media-compat:24.2.1] AndroidManifest.xml:21:5-23:63
MERGED from [com.android.support:support-core-ui:24.2.1] AndroidManifest.xml:21:5-23:58
MERGED from [com.android.support:support-core-utils:24.2.1] AndroidManifest.xml:21:5-23:61
MERGED from [com.android.support:animated-vector-drawable:24.2.1] AndroidManifest.xml:20:5-44
MERGED from [com.android.support:support-vector-drawable:24.2.1] AndroidManifest.xml:21:5-43
MERGED from [com.android.support:support-compat:24.2.1] AndroidManifest.xml:21:5-23:58
MERGED from [com.jakewharton:butterknife:8.4.0] AndroidManifest.xml:5:5-43
	tools:overrideLibrary
		ADDED from [com.android.support:appcompat-v7:24.2.1] AndroidManifest.xml:23:9-75
	android:targetSdkVersion
		INJECTED from src/main/AndroidManifest.xml
		INJECTED from src/main/AndroidManifest.xml
	android:minSdkVersion
		INJECTED from src/main/AndroidManifest.xml
		INJECTED from src/main/AndroidManifest.xml
uses-permission#android.permission.FLASHLIGHT
ADDED from [ContentProvider:xbzxinglibrary:unspecified] AndroidManifest.xml:12:5-69
	android:name
		ADDED from [ContentProvider:xbzxinglibrary:unspecified] AndroidManifest.xml:12:22-66
uses-feature#android.hardware.camera
ADDED from [ContentProvider:xbzxinglibrary:unspecified] AndroidManifest.xml:14:5-60
	android:name
		ADDED from [ContentProvider:xbzxinglibrary:unspecified] AndroidManifest.xml:14:19-57
uses-feature#android.hardware.camera.autofocus
ADDED from [ContentProvider:xbzxinglibrary:unspecified] AndroidManifest.xml:15:5-70
	android:name
		ADDED from [ContentProvider:xbzxinglibrary:unspecified] AndroidManifest.xml:15:19-67
uses-permission#android.permission.WAKE_LOCK
ADDED from [ContentProvider:xbzxinglibrary:unspecified] AndroidManifest.xml:18:5-68
	android:name
		ADDED from [ContentProvider:xbzxinglibrary:unspecified] AndroidManifest.xml:18:22-65
uses-permission#android.permission.READ_EXTERNAL_STORAGE
ADDED from [ContentProvider:xbzxinglibrary:unspecified] AndroidManifest.xml:19:5-80
	android:name
		ADDED from [ContentProvider:xbzxinglibrary:unspecified] AndroidManifest.xml:19:22-77